<?xml version="1.0" encoding="UTF-8"?>
<!-- Generated by org.testng.reporters.JUnitXMLReporter -->
<testsuite ignored="0" hostname="Rashidas-MacBook-Air.local" failures="0" tests="2" name="Test2" time="0.113" errors="0" timestamp="2020-07-16T00:13:43 GMT-04:00">
  <testcase classname="piit.Regression.Continue2" name="@BeforeClass browser" time="-1.594872823121E9">
    <failure type="org.testng.TestNGException" message="
Parameter &amp;apos;browser&amp;apos; is required by BeforeClass on method browser but has not been marked @Optional or defined
in /Users/rashidaislam/eclipse-workspace/Regression/testng123.xml">
      <![CDATA[org.testng.TestNGException: 
Parameter 'browser' is required by BeforeClass on method browser but has not been marked @Optional or defined
in /Users/rashidaislam/eclipse-workspace/Regression/testng123.xml
at java.base/java.util.ArrayList.forEach(ArrayList.java:1540)
... Removed 22 stack frames]]>
    </failure>
  </testcase> <!-- @BeforeClass browser -->
  <testcase classname="piit.Regression.Continue2" name="@AfterClass afterClass" time="-1.594872823201E9">
    <skipped/>
  </testcase> <!-- @AfterClass afterClass -->
  <testcase classname="piit.Regression.Continue2" name="f" time="0.0">
    <skipped/>
  </testcase> <!-- f -->
  <testcase classname="piit.Regression.Continue2" name="forgotLink" time="0.0">
    <skipped/>
  </testcase> <!-- forgotLink -->
</testsuite> <!-- Test2 -->
