<?xml version="1.0" encoding="UTF-8"?>
<!-- Generated by org.testng.reporters.JUnitXMLReporter -->
<testsuite ignored="0" hostname="Rashidas-MacBook-Air.local" failures="0" tests="1" name="Default test" time="0.173" errors="0" timestamp="2020-07-16T00:11:24 GMT-04:00">
  <testcase classname="piit.Regression.Action_Slider" name="@BeforeClass browser" time="-1.594872684381E9">
    <failure type="org.testng.TestNGException" message="
Parameter &amp;apos;browser&amp;apos; is required by BeforeClass on method browser but has not been marked @Optional or defined
in /private/var/folders/l8/mhv0q4d935scmnkjpsghjgg40000gn/T/testng-eclipse--2131749101/testng-customsuite.xml">
      <![CDATA[org.testng.TestNGException: 
Parameter 'browser' is required by BeforeClass on method browser but has not been marked @Optional or defined
in /private/var/folders/l8/mhv0q4d935scmnkjpsghjgg40000gn/T/testng-eclipse--2131749101/testng-customsuite.xml
at org.testng.internal.Parameters.createParams(Parameters.java:268)
at org.testng.internal.Parameters.createParametersForMethod(Parameters.java:356)
at org.testng.internal.Parameters.createParameters(Parameters.java:700)
at org.testng.internal.Parameters.createConfigurationParameters(Parameters.java:166)
at org.testng.internal.ConfigInvoker.invokeConfigurations(ConfigInvoker.java:299)
at org.testng.internal.TestMethodWorker.invokeBeforeClassMethods(TestMethodWorker.java:176)
at org.testng.internal.TestMethodWorker.run(TestMethodWorker.java:122)
at java.base/java.util.ArrayList.forEach(ArrayList.java:1540)
at org.testng.TestRunner.privateRun(TestRunner.java:767)
at org.testng.TestRunner.run(TestRunner.java:588)
at org.testng.SuiteRunner.runTest(SuiteRunner.java:384)
at org.testng.SuiteRunner.runSequentially(SuiteRunner.java:378)
at org.testng.SuiteRunner.privateRun(SuiteRunner.java:337)
at org.testng.SuiteRunner.run(SuiteRunner.java:286)
at org.testng.SuiteRunnerWorker.runSuite(SuiteRunnerWorker.java:53)
at org.testng.SuiteRunnerWorker.run(SuiteRunnerWorker.java:96)
at org.testng.TestNG.runSuitesSequentially(TestNG.java:1214)
at org.testng.TestNG.runSuitesLocally(TestNG.java:1136)
at org.testng.TestNG.runSuites(TestNG.java:1066)
at org.testng.TestNG.run(TestNG.java:1034)
at org.testng.remote.AbstractRemoteTestNG.run(AbstractRemoteTestNG.java:115)
at org.testng.remote.RemoteTestNG.initAndRun(RemoteTestNG.java:251)
at org.testng.remote.RemoteTestNG.main(RemoteTestNG.java:77)
]]>
    </failure>
  </testcase> <!-- @BeforeClass browser -->
  <testcase classname="piit.Regression.Action_Slider" name="@BeforeMethod beforeMethod" time="-1.594872684423E9">
    <skipped/>
  </testcase> <!-- @BeforeMethod beforeMethod -->
  <testcase classname="piit.Regression.Action_Slider" name="@AfterMethod afterMethod" time="-1.594872684466E9">
    <skipped/>
  </testcase> <!-- @AfterMethod afterMethod -->
  <testcase classname="piit.Regression.Action_Slider" name="@AfterClass afterClass" time="-1.594872684477E9">
    <skipped/>
  </testcase> <!-- @AfterClass afterClass -->
  <testcase classname="piit.Regression.Action_Slider" name="@AfterTest afterTest" time="-1.594872684485E9">
    <skipped/>
  </testcase> <!-- @AfterTest afterTest -->
  <testcase classname="piit.Regression.Action_Slider" name="f" time="0.0">
    <skipped/>
  </testcase> <!-- f -->
</testsuite> <!-- Default test -->
